<?xml version="1.0" ?>
<!DOCTYPE coverage SYSTEM "http://cobertura.sourceforge.net/xml/coverage-04.dtd">
<coverage lines-valid="2592" lines-covered="1680" line-rate="0.6481" branches-valid="168" branches-covered="109" branch-rate="0.6487999999999999" timestamp="1723129187131" complexity="0" version="0.1">
  <sources>
    <source>/Users/peter/repos/plain-bottom-sheet/packages/core</source>
  </sources>
  <packages>
    <package name="src" line-rate="0.4975" branch-rate="0.5555">
      <classes>
        <class name="bottom-sheet.ts" filename="src/bottom-sheet.ts" line-rate="0.48200000000000004" branch-rate="0.5555">
          <methods>
            <method name="createBottomSheet" hits="7" signature="()V">
              <lines>
                <line number="40" hits="7"/>
              </lines>
            </method>
            <method name="mount" hits="5" signature="()V">
              <lines>
                <line number="89" hits="5"/>
              </lines>
            </method>
            <method name="unmount" hits="0" signature="()V">
              <lines>
                <line number="104" hits="0"/>
              </lines>
            </method>
            <method name="open" hits="3" signature="()V">
              <lines>
                <line number="114" hits="3"/>
              </lines>
            </method>
            <method name="close" hits="0" signature="()V">
              <lines>
                <line number="155" hits="0"/>
              </lines>
            </method>
            <method name="getIsMounted" hits="4" signature="()V">
              <lines>
                <line number="177" hits="4"/>
              </lines>
            </method>
            <method name="getIsOpen" hits="3" signature="()V">
              <lines>
                <line number="181" hits="3"/>
              </lines>
            </method>
            <method name="getIsClosed" hits="0" signature="()V">
              <lines>
                <line number="192" hits="0"/>
              </lines>
            </method>
            <method name="getPosition" hits="0" signature="()V">
              <lines>
                <line number="196" hits="0"/>
              </lines>
            </method>
            <method name="getHeight" hits="0" signature="()V">
              <lines>
                <line number="226" hits="0"/>
              </lines>
            </method>
            <method name="moveTo" hits="0" signature="()V">
              <lines>
                <line number="230" hits="0"/>
              </lines>
            </method>
            <method name="getMinOffsetFromPoints" hits="0" signature="()V">
              <lines>
                <line number="247" hits="0"/>
              </lines>
            </method>
            <method name="moveUp" hits="0" signature="()V">
              <lines>
                <line number="281" hits="0"/>
              </lines>
            </method>
            <method name="moveDown" hits="0" signature="()V">
              <lines>
                <line number="332" hits="0"/>
              </lines>
            </method>
            <method name="snapTo" hits="0" signature="()V">
              <lines>
                <line number="363" hits="0"/>
              </lines>
            </method>
          </methods>
          <lines>
            <line number="1" hits="1" branch="false"/>
            <line number="2" hits="1" branch="false"/>
            <line number="3" hits="1" branch="false"/>
            <line number="4" hits="1" branch="false"/>
            <line number="5" hits="1" branch="false"/>
            <line number="6" hits="1" branch="false"/>
            <line number="7" hits="1" branch="false"/>
            <line number="8" hits="1" branch="false"/>
            <line number="9" hits="1" branch="false"/>
            <line number="10" hits="1" branch="false"/>
            <line number="11" hits="1" branch="false"/>
            <line number="12" hits="1" branch="false"/>
            <line number="13" hits="1" branch="false"/>
            <line number="14" hits="1" branch="false"/>
            <line number="15" hits="1" branch="false"/>
            <line number="16" hits="1" branch="false"/>
            <line number="17" hits="1" branch="false"/>
            <line number="18" hits="1" branch="false"/>
            <line number="19" hits="1" branch="false"/>
            <line number="20" hits="1" branch="false"/>
            <line number="21" hits="1" branch="false"/>
            <line number="22" hits="1" branch="false"/>
            <line number="23" hits="1" branch="false"/>
            <line number="24" hits="1" branch="false"/>
            <line number="25" hits="1" branch="false"/>
            <line number="26" hits="1" branch="false"/>
            <line number="27" hits="1" branch="false"/>
            <line number="28" hits="1" branch="false"/>
            <line number="29" hits="1" branch="false"/>
            <line number="30" hits="1" branch="false"/>
            <line number="31" hits="1" branch="false"/>
            <line number="32" hits="1" branch="false"/>
            <line number="33" hits="1" branch="false"/>
            <line number="34" hits="1" branch="false"/>
            <line number="35" hits="1" branch="false"/>
            <line number="36" hits="1" branch="false"/>
            <line number="37" hits="1" branch="false"/>
            <line number="38" hits="1" branch="false"/>
            <line number="39" hits="1" branch="false"/>
            <line number="40" hits="1" branch="true" condition-coverage="100% (1/1)"/>
            <line number="41" hits="7" branch="false"/>
            <line number="42" hits="7" branch="false"/>
            <line number="43" hits="7" branch="false"/>
            <line number="44" hits="7" branch="false"/>
            <line number="45" hits="7" branch="false"/>
            <line number="46" hits="7" branch="false"/>
            <line number="47" hits="7" branch="false"/>
            <line number="48" hits="7" branch="false"/>
            <line number="49" hits="7" branch="false"/>
            <line number="50" hits="7" branch="false"/>
            <line number="51" hits="7" branch="false"/>
            <line number="52" hits="7" branch="false"/>
            <line number="53" hits="7" branch="false"/>
            <line number="54" hits="7" branch="false"/>
            <line number="55" hits="7" branch="false"/>
            <line number="56" hits="7" branch="false"/>
            <line number="57" hits="7" branch="false"/>
            <line number="58" hits="7" branch="false"/>
            <line number="59" hits="7" branch="false"/>
            <line number="60" hits="7" branch="false"/>
            <line number="61" hits="7" branch="false"/>
            <line number="62" hits="7" branch="false"/>
            <line number="63" hits="7" branch="false"/>
            <line number="64" hits="7" branch="false"/>
            <line number="65" hits="7" branch="false"/>
            <line number="66" hits="7" branch="false"/>
            <line number="67" hits="7" branch="false"/>
            <line number="68" hits="7" branch="false"/>
            <line number="69" hits="7" branch="false"/>
            <line number="70" hits="7" branch="false"/>
            <line number="71" hits="7" branch="false"/>
            <line number="72" hits="7" branch="false"/>
            <line number="73" hits="7" branch="false"/>
            <line number="74" hits="7" branch="false"/>
            <line number="75" hits="7" branch="false"/>
            <line number="76" hits="7" branch="false"/>
            <line number="77" hits="7" branch="false"/>
            <line number="78" hits="7" branch="false"/>
            <line number="79" hits="7" branch="false"/>
            <line number="80" hits="7" branch="false"/>
            <line number="81" hits="7" branch="false"/>
            <line number="82" hits="7" branch="false"/>
            <line number="83" hits="7" branch="false"/>
            <line number="84" hits="7" branch="false"/>
            <line number="85" hits="7" branch="false"/>
            <line number="86" hits="7" branch="false"/>
            <line number="87" hits="7" branch="false"/>
            <line number="88" hits="7" branch="false"/>
            <line number="89" hits="7" branch="true" condition-coverage="100% (1/1)"/>
            <line number="90" hits="5" branch="false"/>
            <line number="91" hits="5" branch="false"/>
            <line number="92" hits="5" branch="false"/>
            <line number="93" hits="5" branch="false"/>
            <line number="94" hits="5" branch="false"/>
            <line number="95" hits="5" branch="false"/>
            <line number="96" hits="5" branch="false"/>
            <line number="97" hits="5" branch="false"/>
            <line number="98" hits="5" branch="false"/>
            <line number="99" hits="5" branch="false"/>
            <line number="100" hits="5" branch="false"/>
            <line number="101" hits="5" branch="false"/>
            <line number="102" hits="5" branch="false"/>
            <line number="103" hits="7" branch="false"/>
            <line number="104" hits="7" branch="false"/>
            <line number="105" hits="0" branch="false"/>
            <line number="106" hits="0" branch="false"/>
            <line number="107" hits="0" branch="false"/>
            <line number="108" hits="0" branch="false"/>
            <line number="109" hits="0" branch="false"/>
            <line number="110" hits="0" branch="false"/>
            <line number="111" hits="0" branch="false"/>
            <line number="112" hits="0" branch="false"/>
            <line number="113" hits="7" branch="false"/>
            <line number="114" hits="7" branch="true" condition-coverage="100% (1/1)"/>
            <line number="115" hits="3" branch="true" condition-coverage="0% (0/1)"/>
            <line number="116" hits="0" branch="false"/>
            <line number="117" hits="0" branch="false"/>
            <line number="118" hits="0" branch="false"/>
            <line number="119" hits="0" branch="false"/>
            <line number="120" hits="3" branch="true" condition-coverage="0% (0/1)"/>
            <line number="121" hits="3" branch="false"/>
            <line number="122" hits="3" branch="false"/>
            <line number="123" hits="3" branch="true" condition-coverage="0% (0/1)"/>
            <line number="124" hits="0" branch="false"/>
            <line number="125" hits="0" branch="false"/>
            <line number="126" hits="3" branch="false"/>
            <line number="127" hits="3" branch="false"/>
            <line number="128" hits="3" branch="false"/>
            <line number="129" hits="3" branch="false"/>
            <line number="130" hits="3" branch="false"/>
            <line number="131" hits="3" branch="false"/>
            <line number="132" hits="3" branch="false"/>
            <line number="133" hits="3" branch="false"/>
            <line number="134" hits="3" branch="false"/>
            <line number="135" hits="3" branch="false"/>
            <line number="136" hits="3" branch="false"/>
            <line number="137" hits="3" branch="false"/>
            <line number="138" hits="3" branch="false"/>
            <line number="139" hits="3" branch="false"/>
            <line number="140" hits="3" branch="false"/>
            <line number="141" hits="3" branch="false"/>
            <line number="142" hits="3" branch="false"/>
            <line number="143" hits="3" branch="false"/>
            <line number="144" hits="3" branch="false"/>
            <line number="145" hits="3" branch="false"/>
            <line number="146" hits="3" branch="false"/>
            <line number="147" hits="3" branch="false"/>
            <line number="148" hits="3" branch="false"/>
            <line number="149" hits="3" branch="false"/>
            <line number="150" hits="3" branch="false"/>
            <line number="151" hits="3" branch="false"/>
            <line number="152" hits="3" branch="false"/>
            <line number="153" hits="3" branch="false"/>
            <line number="154" hits="7" branch="false"/>
            <line number="155" hits="7" branch="false"/>
            <line number="156" hits="0" branch="false"/>
            <line number="157" hits="0" branch="false"/>
            <line number="158" hits="0" branch="false"/>
            <line number="159" hits="0" branch="false"/>
            <line number="160" hits="0" branch="false"/>
            <line number="161" hits="0" branch="false"/>
            <line number="162" hits="0" branch="false"/>
            <line number="163" hits="0" branch="false"/>
            <line number="164" hits="0" branch="false"/>
            <line number="165" hits="0" branch="false"/>
            <line number="166" hits="0" branch="false"/>
            <line number="167" hits="0" branch="false"/>
            <line number="168" hits="0" branch="false"/>
            <line number="169" hits="0" branch="false"/>
            <line number="170" hits="0" branch="false"/>
            <line number="171" hits="0" branch="false"/>
            <line number="172" hits="0" branch="false"/>
            <line number="173" hits="0" branch="false"/>
            <line number="174" hits="0" branch="false"/>
            <line number="175" hits="0" branch="false"/>
            <line number="176" hits="7" branch="false"/>
            <line number="177" hits="7" branch="true" condition-coverage="100% (1/1)"/>
            <line number="178" hits="4" branch="false"/>
            <line number="179" hits="4" branch="false"/>
            <line number="180" hits="7" branch="false"/>
            <line number="181" hits="7" branch="true" condition-coverage="100% (1/1)"/>
            <line number="182" hits="3" branch="false"/>
            <line number="183" hits="3" branch="false"/>
            <line number="184" hits="3" branch="false"/>
            <line number="185" hits="3" branch="false"/>
            <line number="186" hits="3" branch="true" condition-coverage="0% (0/1)"/>
            <line number="187" hits="0" branch="false"/>
            <line number="188" hits="3" branch="false"/>
            <line number="189" hits="3" branch="false"/>
            <line number="190" hits="3" branch="false"/>
            <line number="191" hits="3" branch="false"/>
            <line number="192" hits="7" branch="false"/>
            <line number="193" hits="0" branch="false"/>
            <line number="194" hits="0" branch="false"/>
            <line number="195" hits="7" branch="false"/>
            <line number="196" hits="7" branch="false"/>
            <line number="197" hits="0" branch="false"/>
            <line number="198" hits="0" branch="false"/>
            <line number="199" hits="0" branch="false"/>
            <line number="200" hits="0" branch="false"/>
            <line number="201" hits="0" branch="false"/>
            <line number="202" hits="0" branch="false"/>
            <line number="203" hits="0" branch="false"/>
            <line number="204" hits="0" branch="false"/>
            <line number="205" hits="0" branch="false"/>
            <line number="206" hits="0" branch="false"/>
            <line number="207" hits="0" branch="false"/>
            <line number="208" hits="0" branch="false"/>
            <line number="209" hits="0" branch="false"/>
            <line number="210" hits="0" branch="false"/>
            <line number="211" hits="0" branch="false"/>
            <line number="212" hits="0" branch="false"/>
            <line number="213" hits="0" branch="false"/>
            <line number="214" hits="0" branch="false"/>
            <line number="215" hits="0" branch="false"/>
            <line number="216" hits="0" branch="false"/>
            <line number="217" hits="0" branch="false"/>
            <line number="218" hits="0" branch="false"/>
            <line number="219" hits="0" branch="false"/>
            <line number="220" hits="0" branch="false"/>
            <line number="221" hits="0" branch="false"/>
            <line number="222" hits="0" branch="false"/>
            <line number="223" hits="0" branch="false"/>
            <line number="224" hits="0" branch="false"/>
            <line number="225" hits="7" branch="false"/>
            <line number="226" hits="7" branch="false"/>
            <line number="227" hits="0" branch="false"/>
            <line number="228" hits="0" branch="false"/>
            <line number="229" hits="7" branch="false"/>
            <line number="230" hits="7" branch="false"/>
            <line number="231" hits="0" branch="false"/>
            <line number="232" hits="0" branch="false"/>
            <line number="233" hits="0" branch="false"/>
            <line number="234" hits="0" branch="false"/>
            <line number="235" hits="0" branch="false"/>
            <line number="236" hits="0" branch="false"/>
            <line number="237" hits="0" branch="false"/>
            <line number="238" hits="0" branch="false"/>
            <line number="239" hits="0" branch="false"/>
            <line number="240" hits="0" branch="false"/>
            <line number="241" hits="0" branch="false"/>
            <line number="242" hits="0" branch="false"/>
            <line number="243" hits="0" branch="false"/>
            <line number="244" hits="0" branch="false"/>
            <line number="245" hits="0" branch="false"/>
            <line number="246" hits="7" branch="false"/>
            <line number="247" hits="7" branch="false"/>
            <line number="248" hits="0" branch="false"/>
            <line number="249" hits="0" branch="false"/>
            <line number="250" hits="0" branch="false"/>
            <line number="251" hits="0" branch="false"/>
            <line number="252" hits="0" branch="false"/>
            <line number="253" hits="0" branch="false"/>
            <line number="254" hits="0" branch="false"/>
            <line number="255" hits="0" branch="false"/>
            <line number="256" hits="0" branch="false"/>
            <line number="257" hits="0" branch="false"/>
            <line number="258" hits="0" branch="false"/>
            <line number="259" hits="0" branch="false"/>
            <line number="260" hits="0" branch="false"/>
            <line number="261" hits="0" branch="false"/>
            <line number="262" hits="0" branch="false"/>
            <line number="263" hits="0" branch="false"/>
            <line number="264" hits="0" branch="false"/>
            <line number="265" hits="0" branch="false"/>
            <line number="266" hits="0" branch="false"/>
            <line number="267" hits="0" branch="false"/>
            <line number="268" hits="0" branch="false"/>
            <line number="269" hits="0" branch="false"/>
            <line number="270" hits="0" branch="false"/>
            <line number="271" hits="0" branch="false"/>
            <line number="272" hits="0" branch="false"/>
            <line number="273" hits="0" branch="false"/>
            <line number="274" hits="0" branch="false"/>
            <line number="275" hits="0" branch="false"/>
            <line number="276" hits="0" branch="false"/>
            <line number="277" hits="0" branch="false"/>
            <line number="278" hits="0" branch="false"/>
            <line number="279" hits="0" branch="false"/>
            <line number="280" hits="7" branch="false"/>
            <line number="281" hits="7" branch="false"/>
            <line number="282" hits="0" branch="false"/>
            <line number="283" hits="0" branch="false"/>
            <line number="284" hits="0" branch="false"/>
            <line number="285" hits="0" branch="false"/>
            <line number="286" hits="0" branch="false"/>
            <line number="287" hits="0" branch="false"/>
            <line number="288" hits="0" branch="false"/>
            <line number="289" hits="0" branch="false"/>
            <line number="290" hits="0" branch="false"/>
            <line number="291" hits="0" branch="false"/>
            <line number="292" hits="0" branch="false"/>
            <line number="293" hits="0" branch="false"/>
            <line number="294" hits="0" branch="false"/>
            <line number="295" hits="0" branch="false"/>
            <line number="296" hits="0" branch="false"/>
            <line number="297" hits="0" branch="false"/>
            <line number="298" hits="0" branch="false"/>
            <line number="299" hits="0" branch="false"/>
            <line number="300" hits="0" branch="false"/>
            <line number="301" hits="0" branch="false"/>
            <line number="302" hits="0" branch="false"/>
            <line number="303" hits="0" branch="false"/>
            <line number="304" hits="0" branch="false"/>
            <line number="305" hits="0" branch="false"/>
            <line number="306" hits="0" branch="false"/>
            <line number="307" hits="0" branch="false"/>
            <line number="308" hits="0" branch="false"/>
            <line number="309" hits="0" branch="false"/>
            <line number="310" hits="0" branch="false"/>
            <line number="311" hits="0" branch="false"/>
            <line number="312" hits="0" branch="false"/>
            <line number="313" hits="0" branch="false"/>
            <line number="314" hits="0" branch="false"/>
            <line number="315" hits="0" branch="false"/>
            <line number="316" hits="0" branch="false"/>
            <line number="317" hits="0" branch="false"/>
            <line number="318" hits="0" branch="false"/>
            <line number="319" hits="0" branch="false"/>
            <line number="320" hits="0" branch="false"/>
            <line number="321" hits="0" branch="false"/>
            <line number="322" hits="0" branch="false"/>
            <line number="323" hits="0" branch="false"/>
            <line number="324" hits="0" branch="false"/>
            <line number="325" hits="0" branch="false"/>
            <line number="326" hits="0" branch="false"/>
            <line number="327" hits="0" branch="false"/>
            <line number="328" hits="0" branch="false"/>
            <line number="329" hits="0" branch="false"/>
            <line number="330" hits="0" branch="false"/>
            <line number="331" hits="7" branch="false"/>
            <line number="332" hits="7" branch="false"/>
            <line number="333" hits="0" branch="false"/>
            <line number="334" hits="0" branch="false"/>
            <line number="335" hits="0" branch="false"/>
            <line number="336" hits="0" branch="false"/>
            <line number="337" hits="0" branch="false"/>
            <line number="338" hits="0" branch="false"/>
            <line number="339" hits="0" branch="false"/>
            <line number="340" hits="0" branch="false"/>
            <line number="341" hits="0" branch="false"/>
            <line number="342" hits="0" branch="false"/>
            <line number="343" hits="0" branch="false"/>
            <line number="344" hits="0" branch="false"/>
            <line number="345" hits="0" branch="false"/>
            <line number="346" hits="0" branch="false"/>
            <line number="347" hits="0" branch="false"/>
            <line number="348" hits="0" branch="false"/>
            <line number="349" hits="0" branch="false"/>
            <line number="350" hits="0" branch="false"/>
            <line number="351" hits="0" branch="false"/>
            <line number="352" hits="0" branch="false"/>
            <line number="353" hits="0" branch="false"/>
            <line number="354" hits="0" branch="false"/>
            <line number="355" hits="0" branch="false"/>
            <line number="356" hits="0" branch="false"/>
            <line number="357" hits="0" branch="false"/>
            <line number="358" hits="0" branch="false"/>
            <line number="359" hits="0" branch="false"/>
            <line number="360" hits="0" branch="false"/>
            <line number="361" hits="0" branch="false"/>
            <line number="362" hits="7" branch="false"/>
            <line number="363" hits="7" branch="false"/>
            <line number="364" hits="0" branch="false"/>
            <line number="365" hits="0" branch="false"/>
            <line number="366" hits="0" branch="false"/>
            <line number="367" hits="0" branch="false"/>
            <line number="368" hits="0" branch="false"/>
            <line number="369" hits="0" branch="false"/>
            <line number="370" hits="0" branch="false"/>
            <line number="371" hits="0" branch="false"/>
            <line number="372" hits="0" branch="false"/>
            <line number="373" hits="0" branch="false"/>
            <line number="374" hits="7" branch="false"/>
            <line number="375" hits="7" branch="false"/>
            <line number="376" hits="7" branch="false"/>
            <line number="377" hits="7" branch="false"/>
            <line number="378" hits="7" branch="false"/>
            <line number="379" hits="7" branch="false"/>
            <line number="380" hits="7" branch="false"/>
            <line number="381" hits="7" branch="false"/>
            <line number="382" hits="7" branch="false"/>
            <line number="383" hits="7" branch="false"/>
            <line number="384" hits="7" branch="false"/>
            <line number="385" hits="7" branch="false"/>
            <line number="386" hits="7" branch="false"/>
            <line number="387" hits="7" branch="false"/>
            <line number="388" hits="7" branch="false"/>
            <line number="389" hits="7" branch="false"/>
            <line number="390" hits="7" branch="false"/>
          </lines>
        </class>
        <class name="index.ts" filename="src/index.ts" line-rate="1" branch-rate="1">
          <methods>
          </methods>
          <lines>
            <line number="1" hits="1" branch="false"/>
            <line number="2" hits="1" branch="false"/>
            <line number="3" hits="1" branch="false"/>
            <line number="4" hits="1" branch="false"/>
            <line number="5" hits="1" branch="false"/>
            <line number="6" hits="1" branch="false"/>
            <line number="7" hits="1" branch="false"/>
            <line number="8" hits="1" branch="false"/>
            <line number="9" hits="1" branch="false"/>
            <line number="10" hits="1" branch="false"/>
            <line number="11" hits="1" branch="false"/>
            <line number="12" hits="1" branch="false"/>
          </lines>
        </class>
      </classes>
    </package>
    <package name="src.animation" line-rate="1" branch-rate="0.8332999999999999">
      <classes>
        <class name="animation.ts" filename="src/animation/animation.ts" line-rate="1" branch-rate="0.8332999999999999">
          <methods>
            <method name="translateContainer" hits="3" signature="()V">
              <lines>
                <line number="25" hits="3"/>
              </lines>
            </method>
            <method name="translateContainerWithAnim" hits="7" signature="()V">
              <lines>
                <line number="54" hits="7"/>
              </lines>
            </method>
          </methods>
          <lines>
            <line number="1" hits="1" branch="false"/>
            <line number="2" hits="1" branch="false"/>
            <line number="3" hits="1" branch="false"/>
            <line number="4" hits="1" branch="false"/>
            <line number="5" hits="1" branch="false"/>
            <line number="6" hits="1" branch="false"/>
            <line number="7" hits="1" branch="false"/>
            <line number="8" hits="1" branch="false"/>
            <line number="9" hits="1" branch="false"/>
            <line number="10" hits="1" branch="false"/>
            <line number="11" hits="1" branch="false"/>
            <line number="12" hits="1" branch="false"/>
            <line number="13" hits="1" branch="false"/>
            <line number="14" hits="1" branch="false"/>
            <line number="15" hits="1" branch="false"/>
            <line number="16" hits="1" branch="false"/>
            <line number="17" hits="1" branch="false"/>
            <line number="18" hits="1" branch="false"/>
            <line number="19" hits="1" branch="false"/>
            <line number="20" hits="1" branch="false"/>
            <line number="21" hits="1" branch="false"/>
            <line number="22" hits="1" branch="false"/>
            <line number="23" hits="1" branch="false"/>
            <line number="24" hits="1" branch="false"/>
            <line number="25" hits="1" branch="true" condition-coverage="100% (1/1)"/>
            <line number="26" hits="3" branch="false"/>
            <line number="27" hits="3" branch="false"/>
            <line number="28" hits="3" branch="false"/>
            <line number="29" hits="3" branch="false"/>
            <line number="30" hits="3" branch="false"/>
            <line number="31" hits="3" branch="false"/>
            <line number="32" hits="3" branch="false"/>
            <line number="33" hits="3" branch="false"/>
            <line number="34" hits="3" branch="false"/>
            <line number="35" hits="3" branch="false"/>
            <line number="36" hits="3" branch="false"/>
            <line number="37" hits="3" branch="false"/>
            <line number="38" hits="3" branch="false"/>
            <line number="39" hits="3" branch="false"/>
            <line number="40" hits="3" branch="false"/>
            <line number="41" hits="3" branch="true" condition-coverage="100% (1/1)"/>
            <line number="42" hits="24" branch="false"/>
            <line number="43" hits="24" branch="false"/>
            <line number="44" hits="24" branch="false"/>
            <line number="45" hits="24" branch="false"/>
            <line number="46" hits="24" branch="true" condition-coverage="100% (1/1)"/>
            <line number="47" hits="2" branch="true" condition-coverage="0% (0/1)"/>
            <line number="48" hits="2" branch="false"/>
            <line number="49" hits="2" branch="false"/>
            <line number="50" hits="3" branch="false"/>
            <line number="51" hits="3" branch="false"/>
            <line number="52" hits="1" branch="false"/>
            <line number="53" hits="1" branch="false"/>
            <line number="54" hits="1" branch="true" condition-coverage="100% (1/1)"/>
            <line number="55" hits="7" branch="true" condition-coverage="100% (1/1)"/>
            <line number="56" hits="3" branch="false"/>
            <line number="57" hits="3" branch="false"/>
            <line number="58" hits="3" branch="false"/>
            <line number="59" hits="3" branch="false"/>
            <line number="60" hits="3" branch="false"/>
            <line number="61" hits="3" branch="false"/>
          </lines>
        </class>
      </classes>
    </package>
    <package name="src.calculator" line-rate="0.4285" branch-rate="0.2857">
      <classes>
        <class name="index.ts" filename="src/calculator/index.ts" line-rate="1" branch-rate="1">
          <methods>
          </methods>
          <lines>
            <line number="1" hits="1" branch="false"/>
          </lines>
        </class>
        <class name="position-calculator.ts" filename="src/calculator/position-calculator.ts" line-rate="0.3982" branch-rate="0.2857">
          <methods>
            <method name="convertDefaultPositionToYCoordinate" hits="3" signature="()V">
              <lines>
                <line number="8" hits="3"/>
              </lines>
            </method>
            <method name="calcDraggingDirection" hits="0" signature="()V">
              <lines>
                <line number="30" hits="0"/>
              </lines>
            </method>
            <method name="calcOffset" hits="3" signature="()V">
              <lines>
                <line number="50" hits="3"/>
              </lines>
            </method>
            <method name="calcDiffOfHeight" hits="0" signature="()V">
              <lines>
                <line number="57" hits="0"/>
              </lines>
            </method>
            <method name="calcDirectionWithHeight" hits="0" signature="()V">
              <lines>
                <line number="70" hits="0"/>
              </lines>
            </method>
            <method name="extractPoints" hits="0" signature="()V">
              <lines>
                <line number="89" hits="0"/>
              </lines>
            </method>
            <method name="calcTopPointYLimit" hits="0" signature="()V">
              <lines>
                <line number="107" hits="0"/>
              </lines>
            </method>
          </methods>
          <lines>
            <line number="1" hits="1" branch="false"/>
            <line number="2" hits="1" branch="false"/>
            <line number="3" hits="1" branch="false"/>
            <line number="4" hits="1" branch="false"/>
            <line number="5" hits="1" branch="false"/>
            <line number="6" hits="1" branch="false"/>
            <line number="7" hits="1" branch="false"/>
            <line number="8" hits="1" branch="true" condition-coverage="100% (1/1)"/>
            <line number="9" hits="3" branch="false"/>
            <line number="10" hits="3" branch="false"/>
            <line number="11" hits="3" branch="false"/>
            <line number="12" hits="3" branch="false"/>
            <line number="13" hits="3" branch="false"/>
            <line number="14" hits="3" branch="false"/>
            <line number="15" hits="3" branch="false"/>
            <line number="16" hits="3" branch="true" condition-coverage="0% (0/1)"/>
            <line number="17" hits="0" branch="false"/>
            <line number="18" hits="0" branch="false"/>
            <line number="19" hits="3" branch="false"/>
            <line number="20" hits="3" branch="false"/>
            <line number="21" hits="3" branch="true" condition-coverage="0% (0/1)"/>
            <line number="22" hits="0" branch="false"/>
            <line number="23" hits="3" branch="true" condition-coverage="0% (0/1)"/>
            <line number="24" hits="0" branch="false"/>
            <line number="25" hits="3" branch="true" condition-coverage="0% (0/1)"/>
            <line number="26" hits="0" branch="false"/>
            <line number="27" hits="3" branch="false"/>
            <line number="28" hits="3" branch="false"/>
            <line number="29" hits="1" branch="false"/>
            <line number="30" hits="1" branch="false"/>
            <line number="31" hits="0" branch="false"/>
            <line number="32" hits="0" branch="false"/>
            <line number="33" hits="0" branch="false"/>
            <line number="34" hits="0" branch="false"/>
            <line number="35" hits="0" branch="false"/>
            <line number="36" hits="0" branch="false"/>
            <line number="37" hits="0" branch="false"/>
            <line number="38" hits="0" branch="false"/>
            <line number="39" hits="0" branch="false"/>
            <line number="40" hits="0" branch="false"/>
            <line number="41" hits="0" branch="false"/>
            <line number="42" hits="0" branch="false"/>
            <line number="43" hits="0" branch="false"/>
            <line number="44" hits="1" branch="false"/>
            <line number="45" hits="1" branch="false"/>
            <line number="46" hits="1" branch="false"/>
            <line number="47" hits="1" branch="false"/>
            <line number="48" hits="1" branch="false"/>
            <line number="49" hits="1" branch="false"/>
            <line number="50" hits="1" branch="true" condition-coverage="100% (1/1)"/>
            <line number="51" hits="3" branch="false"/>
            <line number="52" hits="3" branch="true" condition-coverage="0% (0/1)"/>
            <line number="53" hits="3" branch="false"/>
            <line number="54" hits="3" branch="false"/>
            <line number="55" hits="3" branch="false"/>
            <line number="56" hits="1" branch="false"/>
            <line number="57" hits="1" branch="false"/>
            <line number="58" hits="0" branch="false"/>
            <line number="59" hits="0" branch="false"/>
            <line number="60" hits="0" branch="false"/>
            <line number="61" hits="0" branch="false"/>
            <line number="62" hits="0" branch="false"/>
            <line number="63" hits="0" branch="false"/>
            <line number="64" hits="0" branch="false"/>
            <line number="65" hits="0" branch="false"/>
            <line number="66" hits="0" branch="false"/>
            <line number="67" hits="0" branch="false"/>
            <line number="68" hits="0" branch="false"/>
            <line number="69" hits="1" branch="false"/>
            <line number="70" hits="1" branch="false"/>
            <line number="71" hits="0" branch="false"/>
            <line number="72" hits="0" branch="false"/>
            <line number="73" hits="0" branch="false"/>
            <line number="74" hits="0" branch="false"/>
            <line number="75" hits="0" branch="false"/>
            <line number="76" hits="0" branch="false"/>
            <line number="77" hits="0" branch="false"/>
            <line number="78" hits="0" branch="false"/>
            <line number="79" hits="0" branch="false"/>
            <line number="80" hits="0" branch="false"/>
            <line number="81" hits="0" branch="false"/>
            <line number="82" hits="0" branch="false"/>
            <line number="83" hits="0" branch="false"/>
            <line number="84" hits="0" branch="false"/>
            <line number="85" hits="0" branch="false"/>
            <line number="86" hits="0" branch="false"/>
            <line number="87" hits="0" branch="false"/>
            <line number="88" hits="1" branch="false"/>
            <line number="89" hits="1" branch="false"/>
            <line number="90" hits="0" branch="false"/>
            <line number="91" hits="0" branch="false"/>
            <line number="92" hits="0" branch="false"/>
            <line number="93" hits="0" branch="false"/>
            <line number="94" hits="0" branch="false"/>
            <line number="95" hits="0" branch="false"/>
            <line number="96" hits="0" branch="false"/>
            <line number="97" hits="0" branch="false"/>
            <line number="98" hits="0" branch="false"/>
            <line number="99" hits="0" branch="false"/>
            <line number="100" hits="0" branch="false"/>
            <line number="101" hits="0" branch="false"/>
            <line number="102" hits="0" branch="false"/>
            <line number="103" hits="0" branch="false"/>
            <line number="104" hits="0" branch="false"/>
            <line number="105" hits="0" branch="false"/>
            <line number="106" hits="1" branch="false"/>
            <line number="107" hits="1" branch="false"/>
            <line number="108" hits="0" branch="false"/>
            <line number="109" hits="0" branch="false"/>
            <line number="110" hits="0" branch="false"/>
            <line number="111" hits="0" branch="false"/>
            <line number="112" hits="0" branch="false"/>
            <line number="113" hits="0" branch="false"/>
          </lines>
        </class>
        <class name="position-calculator.type.ts" filename="src/calculator/position-calculator.type.ts" line-rate="1" branch-rate="1">
          <methods>
          </methods>
          <lines>
            <line number="1" hits="1" branch="false"/>
            <line number="2" hits="1" branch="false"/>
            <line number="3" hits="1" branch="false"/>
            <line number="4" hits="1" branch="false"/>
            <line number="5" hits="1" branch="false"/>
          </lines>
        </class>
      </classes>
    </package>
    <package name="src.class-names" line-rate="1" branch-rate="1">
      <classes>
        <class name="class-names.ts" filename="src/class-names/class-names.ts" line-rate="1" branch-rate="1">
          <methods>
          </methods>
          <lines>
            <line number="1" hits="1" branch="true" condition-coverage="100% (1/1)"/>
            <line number="2" hits="1" branch="false"/>
            <line number="3" hits="1" branch="false"/>
            <line number="4" hits="1" branch="false"/>
            <line number="5" hits="1" branch="false"/>
            <line number="6" hits="1" branch="false"/>
            <line number="7" hits="1" branch="false"/>
            <line number="8" hits="1" branch="false"/>
            <line number="9" hits="1" branch="false"/>
            <line number="10" hits="1" branch="false"/>
            <line number="11" hits="1" branch="false"/>
            <line number="12" hits="1" branch="false"/>
            <line number="13" hits="1" branch="false"/>
            <line number="14" hits="1" branch="false"/>
            <line number="15" hits="1" branch="false"/>
            <line number="16" hits="1" branch="false"/>
            <line number="17" hits="1" branch="false"/>
            <line number="18" hits="1" branch="false"/>
            <line number="19" hits="1" branch="false"/>
            <line number="20" hits="1" branch="false"/>
            <line number="21" hits="1" branch="false"/>
            <line number="22" hits="1" branch="false"/>
            <line number="23" hits="1" branch="false"/>
            <line number="24" hits="1" branch="false"/>
            <line number="25" hits="1" branch="false"/>
            <line number="26" hits="1" branch="false"/>
            <line number="27" hits="1" branch="false"/>
            <line number="28" hits="1" branch="false"/>
            <line number="29" hits="1" branch="false"/>
            <line number="30" hits="1" branch="false"/>
            <line number="31" hits="1" branch="false"/>
            <line number="32" hits="1" branch="false"/>
            <line number="33" hits="1" branch="false"/>
            <line number="34" hits="1" branch="false"/>
            <line number="35" hits="1" branch="false"/>
            <line number="36" hits="1" branch="false"/>
            <line number="37" hits="1" branch="false"/>
            <line number="38" hits="1" branch="false"/>
            <line number="39" hits="1" branch="false"/>
            <line number="40" hits="1" branch="true" condition-coverage="100% (1/1)"/>
            <line number="41" hits="1" branch="false"/>
            <line number="42" hits="1" branch="false"/>
            <line number="43" hits="1" branch="false"/>
            <line number="44" hits="1" branch="false"/>
            <line number="45" hits="1" branch="true" condition-coverage="100% (1/1)"/>
            <line number="46" hits="1" branch="false"/>
            <line number="47" hits="1" branch="false"/>
          </lines>
        </class>
        <class name="index.ts" filename="src/class-names/index.ts" line-rate="1" branch-rate="1">
          <methods>
          </methods>
          <lines>
            <line number="1" hits="1" branch="false"/>
            <line number="2" hits="1" branch="false"/>
          </lines>
        </class>
        <class name="selectors.ts" filename="src/class-names/selectors.ts" line-rate="1" branch-rate="1">
          <methods>
          </methods>
          <lines>
            <line number="1" hits="1" branch="false"/>
            <line number="2" hits="1" branch="false"/>
            <line number="3" hits="1" branch="false"/>
            <line number="4" hits="1" branch="false"/>
            <line number="5" hits="1" branch="false"/>
            <line number="6" hits="1" branch="false"/>
            <line number="7" hits="1" branch="false"/>
            <line number="8" hits="1" branch="false"/>
            <line number="9" hits="1" branch="false"/>
          </lines>
        </class>
      </classes>
    </package>
    <package name="src.event-handlers" line-rate="0.2" branch-rate="1">
      <classes>
        <class name="dragging-handler.ts" filename="src/event-handlers/dragging-handler.ts" line-rate="0.2" branch-rate="1">
          <methods>
            <method name="handleDragTriggerClick" hits="0" signature="()V">
              <lines>
                <line number="21" hits="0"/>
              </lines>
            </method>
            <method name="handleDragStart" hits="7" signature="()V">
              <lines>
                <line number="40" hits="7"/>
              </lines>
            </method>
            <method name="handleDragMove" hits="7" signature="()V">
              <lines>
                <line number="57" hits="7"/>
              </lines>
            </method>
            <method name="moveSheetToPointer" hits="0" signature="()V">
              <lines>
                <line number="76" hits="0"/>
              </lines>
            </method>
            <method name="handleDragEnd" hits="7" signature="()V">
              <lines>
                <line number="154" hits="7"/>
              </lines>
            </method>
          </methods>
          <lines>
            <line number="1" hits="1" branch="false"/>
            <line number="2" hits="1" branch="false"/>
            <line number="3" hits="1" branch="false"/>
            <line number="4" hits="1" branch="false"/>
            <line number="5" hits="1" branch="false"/>
            <line number="6" hits="1" branch="false"/>
            <line number="7" hits="1" branch="false"/>
            <line number="8" hits="1" branch="false"/>
            <line number="9" hits="1" branch="false"/>
            <line number="10" hits="1" branch="false"/>
            <line number="11" hits="1" branch="false"/>
            <line number="12" hits="1" branch="false"/>
            <line number="13" hits="1" branch="false"/>
            <line number="14" hits="1" branch="false"/>
            <line number="15" hits="1" branch="false"/>
            <line number="16" hits="1" branch="false"/>
            <line number="17" hits="1" branch="false"/>
            <line number="18" hits="1" branch="false"/>
            <line number="19" hits="1" branch="false"/>
            <line number="20" hits="1" branch="false"/>
            <line number="21" hits="1" branch="false"/>
            <line number="22" hits="0" branch="false"/>
            <line number="23" hits="0" branch="false"/>
            <line number="24" hits="0" branch="false"/>
            <line number="25" hits="0" branch="false"/>
            <line number="26" hits="0" branch="false"/>
            <line number="27" hits="0" branch="false"/>
            <line number="28" hits="0" branch="false"/>
            <line number="29" hits="0" branch="false"/>
            <line number="30" hits="0" branch="false"/>
            <line number="31" hits="0" branch="false"/>
            <line number="32" hits="0" branch="false"/>
            <line number="33" hits="0" branch="false"/>
            <line number="34" hits="0" branch="false"/>
            <line number="35" hits="0" branch="false"/>
            <line number="36" hits="0" branch="false"/>
            <line number="37" hits="0" branch="false"/>
            <line number="38" hits="1" branch="false"/>
            <line number="39" hits="1" branch="false"/>
            <line number="40" hits="1" branch="true" condition-coverage="100% (1/1)"/>
            <line number="41" hits="7" branch="false"/>
            <line number="42" hits="7" branch="false"/>
            <line number="43" hits="7" branch="false"/>
            <line number="44" hits="7" branch="false"/>
            <line number="45" hits="7" branch="false"/>
            <line number="46" hits="7" branch="false"/>
            <line number="47" hits="0" branch="false"/>
            <line number="48" hits="0" branch="false"/>
            <line number="49" hits="0" branch="false"/>
            <line number="50" hits="0" branch="false"/>
            <line number="51" hits="0" branch="false"/>
            <line number="52" hits="0" branch="false"/>
            <line number="53" hits="0" branch="false"/>
            <line number="54" hits="0" branch="false"/>
            <line number="55" hits="1" branch="false"/>
            <line number="56" hits="1" branch="false"/>
            <line number="57" hits="1" branch="true" condition-coverage="100% (1/1)"/>
            <line number="58" hits="7" branch="false"/>
            <line number="59" hits="7" branch="false"/>
            <line number="60" hits="7" branch="false"/>
            <line number="61" hits="7" branch="false"/>
            <line number="62" hits="7" branch="false"/>
            <line number="63" hits="7" branch="false"/>
            <line number="64" hits="7" branch="false"/>
            <line number="65" hits="0" branch="false"/>
            <line number="66" hits="0" branch="false"/>
            <line number="67" hits="0" branch="false"/>
            <line number="68" hits="0" branch="false"/>
            <line number="69" hits="0" branch="false"/>
            <line number="70" hits="0" branch="false"/>
            <line number="71" hits="0" branch="false"/>
            <line number="72" hits="0" branch="false"/>
            <line number="73" hits="0" branch="false"/>
            <line number="74" hits="0" branch="false"/>
            <line number="75" hits="1" branch="false"/>
            <line number="76" hits="0" branch="false"/>
            <line number="77" hits="0" branch="false"/>
            <line number="78" hits="0" branch="false"/>
            <line number="79" hits="0" branch="false"/>
            <line number="80" hits="0" branch="false"/>
            <line number="81" hits="0" branch="false"/>
            <line number="82" hits="0" branch="false"/>
            <line number="83" hits="0" branch="false"/>
            <line number="84" hits="0" branch="false"/>
            <line number="85" hits="0" branch="false"/>
            <line number="86" hits="0" branch="false"/>
            <line number="87" hits="0" branch="false"/>
            <line number="88" hits="0" branch="false"/>
            <line number="89" hits="0" branch="false"/>
            <line number="90" hits="0" branch="false"/>
            <line number="91" hits="0" branch="false"/>
            <line number="92" hits="0" branch="false"/>
            <line number="93" hits="0" branch="false"/>
            <line number="94" hits="0" branch="false"/>
            <line number="95" hits="0" branch="false"/>
            <line number="96" hits="0" branch="false"/>
            <line number="97" hits="0" branch="false"/>
            <line number="98" hits="0" branch="false"/>
            <line number="99" hits="0" branch="false"/>
            <line number="100" hits="0" branch="false"/>
            <line number="101" hits="0" branch="false"/>
            <line number="102" hits="0" branch="false"/>
            <line number="103" hits="0" branch="false"/>
            <line number="104" hits="0" branch="false"/>
            <line number="105" hits="0" branch="false"/>
            <line number="106" hits="0" branch="false"/>
            <line number="107" hits="0" branch="false"/>
            <line number="108" hits="0" branch="false"/>
            <line number="109" hits="0" branch="false"/>
            <line number="110" hits="0" branch="false"/>
            <line number="111" hits="0" branch="false"/>
            <line number="112" hits="0" branch="false"/>
            <line number="113" hits="0" branch="false"/>
            <line number="114" hits="0" branch="false"/>
            <line number="115" hits="0" branch="false"/>
            <line number="116" hits="0" branch="false"/>
            <line number="117" hits="0" branch="false"/>
            <line number="118" hits="0" branch="false"/>
            <line number="119" hits="0" branch="false"/>
            <line number="120" hits="0" branch="false"/>
            <line number="121" hits="0" branch="false"/>
            <line number="122" hits="0" branch="false"/>
            <line number="123" hits="0" branch="false"/>
            <line number="124" hits="0" branch="false"/>
            <line number="125" hits="0" branch="false"/>
            <line number="126" hits="0" branch="false"/>
            <line number="127" hits="0" branch="false"/>
            <line number="128" hits="0" branch="false"/>
            <line number="129" hits="0" branch="false"/>
            <line number="130" hits="0" branch="false"/>
            <line number="131" hits="0" branch="false"/>
            <line number="132" hits="0" branch="false"/>
            <line number="133" hits="0" branch="false"/>
            <line number="134" hits="0" branch="false"/>
            <line number="135" hits="0" branch="false"/>
            <line number="136" hits="0" branch="false"/>
            <line number="137" hits="0" branch="false"/>
            <line number="138" hits="0" branch="false"/>
            <line number="139" hits="0" branch="false"/>
            <line number="140" hits="0" branch="false"/>
            <line number="141" hits="0" branch="false"/>
            <line number="142" hits="0" branch="false"/>
            <line number="143" hits="0" branch="false"/>
            <line number="144" hits="0" branch="false"/>
            <line number="145" hits="0" branch="false"/>
            <line number="146" hits="0" branch="false"/>
            <line number="147" hits="0" branch="false"/>
            <line number="148" hits="0" branch="false"/>
            <line number="149" hits="0" branch="false"/>
            <line number="150" hits="0" branch="false"/>
            <line number="151" hits="0" branch="false"/>
            <line number="152" hits="1" branch="false"/>
            <line number="153" hits="1" branch="false"/>
            <line number="154" hits="1" branch="true" condition-coverage="100% (1/1)"/>
            <line number="155" hits="7" branch="false"/>
            <line number="156" hits="7" branch="false"/>
            <line number="157" hits="7" branch="false"/>
            <line number="158" hits="7" branch="false"/>
            <line number="159" hits="7" branch="false"/>
            <line number="160" hits="7" branch="false"/>
            <line number="161" hits="7" branch="false"/>
            <line number="162" hits="7" branch="false"/>
            <line number="163" hits="7" branch="false"/>
            <line number="164" hits="0" branch="false"/>
            <line number="165" hits="0" branch="false"/>
            <line number="166" hits="0" branch="false"/>
            <line number="167" hits="0" branch="false"/>
            <line number="168" hits="0" branch="false"/>
            <line number="169" hits="0" branch="false"/>
            <line number="170" hits="0" branch="false"/>
            <line number="171" hits="0" branch="false"/>
            <line number="172" hits="0" branch="false"/>
            <line number="173" hits="0" branch="false"/>
            <line number="174" hits="0" branch="false"/>
            <line number="175" hits="0" branch="false"/>
            <line number="176" hits="0" branch="false"/>
            <line number="177" hits="0" branch="false"/>
            <line number="178" hits="0" branch="false"/>
            <line number="179" hits="0" branch="false"/>
            <line number="180" hits="0" branch="false"/>
            <line number="181" hits="0" branch="false"/>
            <line number="182" hits="0" branch="false"/>
            <line number="183" hits="0" branch="false"/>
            <line number="184" hits="0" branch="false"/>
            <line number="185" hits="0" branch="false"/>
            <line number="186" hits="0" branch="false"/>
            <line number="187" hits="0" branch="false"/>
            <line number="188" hits="0" branch="false"/>
            <line number="189" hits="0" branch="false"/>
            <line number="190" hits="0" branch="false"/>
            <line number="191" hits="0" branch="false"/>
            <line number="192" hits="0" branch="false"/>
            <line number="193" hits="0" branch="false"/>
            <line number="194" hits="0" branch="false"/>
            <line number="195" hits="0" branch="false"/>
            <line number="196" hits="0" branch="false"/>
            <line number="197" hits="0" branch="false"/>
            <line number="198" hits="0" branch="false"/>
            <line number="199" hits="0" branch="false"/>
            <line number="200" hits="0" branch="false"/>
            <line number="201" hits="0" branch="false"/>
            <line number="202" hits="0" branch="false"/>
            <line number="203" hits="0" branch="false"/>
            <line number="204" hits="0" branch="false"/>
            <line number="205" hits="0" branch="false"/>
            <line number="206" hits="0" branch="false"/>
            <line number="207" hits="0" branch="false"/>
            <line number="208" hits="0" branch="false"/>
            <line number="209" hits="0" branch="false"/>
            <line number="210" hits="0" branch="false"/>
            <line number="211" hits="0" branch="false"/>
            <line number="212" hits="0" branch="false"/>
            <line number="213" hits="0" branch="false"/>
            <line number="214" hits="0" branch="false"/>
            <line number="215" hits="0" branch="false"/>
            <line number="216" hits="0" branch="false"/>
            <line number="217" hits="0" branch="false"/>
            <line number="218" hits="0" branch="false"/>
            <line number="219" hits="0" branch="false"/>
            <line number="220" hits="0" branch="false"/>
            <line number="221" hits="0" branch="false"/>
            <line number="222" hits="0" branch="false"/>
            <line number="223" hits="0" branch="false"/>
            <line number="224" hits="0" branch="false"/>
            <line number="225" hits="0" branch="false"/>
            <line number="226" hits="0" branch="false"/>
            <line number="227" hits="0" branch="false"/>
            <line number="228" hits="0" branch="false"/>
            <line number="229" hits="0" branch="false"/>
            <line number="230" hits="0" branch="false"/>
            <line number="231" hits="0" branch="false"/>
            <line number="232" hits="0" branch="false"/>
            <line number="233" hits="0" branch="false"/>
            <line number="234" hits="0" branch="false"/>
            <line number="235" hits="0" branch="false"/>
            <line number="236" hits="0" branch="false"/>
            <line number="237" hits="0" branch="false"/>
            <line number="238" hits="0" branch="false"/>
            <line number="239" hits="0" branch="false"/>
            <line number="240" hits="0" branch="false"/>
            <line number="241" hits="0" branch="false"/>
            <line number="242" hits="0" branch="false"/>
            <line number="243" hits="0" branch="false"/>
            <line number="244" hits="0" branch="false"/>
            <line number="245" hits="0" branch="false"/>
            <line number="246" hits="0" branch="false"/>
            <line number="247" hits="0" branch="false"/>
            <line number="248" hits="0" branch="false"/>
            <line number="249" hits="0" branch="false"/>
            <line number="250" hits="0" branch="false"/>
            <line number="251" hits="0" branch="false"/>
            <line number="252" hits="0" branch="false"/>
            <line number="253" hits="0" branch="false"/>
            <line number="254" hits="0" branch="false"/>
            <line number="255" hits="0" branch="false"/>
            <line number="256" hits="0" branch="false"/>
            <line number="257" hits="0" branch="false"/>
            <line number="258" hits="0" branch="false"/>
            <line number="259" hits="0" branch="false"/>
            <line number="260" hits="0" branch="false"/>
            <line number="261" hits="0" branch="false"/>
            <line number="262" hits="0" branch="false"/>
            <line number="263" hits="0" branch="false"/>
            <line number="264" hits="0" branch="false"/>
            <line number="265" hits="0" branch="false"/>
          </lines>
        </class>
      </classes>
    </package>
    <package name="src.initializer" line-rate="0.7094" branch-rate="0.43579999999999997">
      <classes>
        <class name="bottom-sheet-defaults.ts" filename="src/initializer/bottom-sheet-defaults.ts" line-rate="1" branch-rate="1">
          <methods>
            <method name="beforeOpen" hits="0" signature="()V">
              <lines>
                <line number="18" hits="0"/>
              </lines>
            </method>
            <method name="afterOpen" hits="0" signature="()V">
              <lines>
                <line number="19" hits="0"/>
              </lines>
            </method>
            <method name="beforeClose" hits="0" signature="()V">
              <lines>
                <line number="20" hits="0"/>
              </lines>
            </method>
            <method name="afterClose" hits="0" signature="()V">
              <lines>
                <line number="21" hits="0"/>
              </lines>
            </method>
            <method name="onDragStart" hits="0" signature="()V">
              <lines>
                <line number="22" hits="0"/>
              </lines>
            </method>
            <method name="onDragMove" hits="0" signature="()V">
              <lines>
                <line number="23" hits="0"/>
              </lines>
            </method>
            <method name="onDragEnd" hits="0" signature="()V">
              <lines>
                <line number="24" hits="0"/>
              </lines>
            </method>
          </methods>
          <lines>
            <line number="1" hits="1" branch="false"/>
            <line number="2" hits="1" branch="false"/>
            <line number="3" hits="1" branch="false"/>
            <line number="4" hits="1" branch="false"/>
            <line number="5" hits="1" branch="false"/>
            <line number="6" hits="1" branch="false"/>
            <line number="7" hits="1" branch="false"/>
            <line number="8" hits="1" branch="false"/>
            <line number="9" hits="1" branch="false"/>
            <line number="10" hits="1" branch="false"/>
            <line number="11" hits="1" branch="false"/>
            <line number="12" hits="1" branch="false"/>
            <line number="13" hits="1" branch="false"/>
            <line number="14" hits="1" branch="false"/>
            <line number="15" hits="1" branch="false"/>
            <line number="16" hits="1" branch="false"/>
            <line number="17" hits="1" branch="false"/>
            <line number="18" hits="1" branch="false"/>
            <line number="19" hits="1" branch="false"/>
            <line number="20" hits="1" branch="false"/>
            <line number="21" hits="1" branch="false"/>
            <line number="22" hits="1" branch="false"/>
            <line number="23" hits="1" branch="false"/>
            <line number="24" hits="1" branch="false"/>
            <line number="25" hits="1" branch="false"/>
            <line number="26" hits="1" branch="false"/>
            <line number="27" hits="1" branch="false"/>
            <line number="28" hits="1" branch="false"/>
            <line number="29" hits="1" branch="false"/>
            <line number="30" hits="1" branch="false"/>
            <line number="31" hits="1" branch="false"/>
            <line number="32" hits="1" branch="false"/>
            <line number="33" hits="1" branch="false"/>
            <line number="34" hits="1" branch="false"/>
            <line number="35" hits="1" branch="false"/>
            <line number="36" hits="1" branch="false"/>
            <line number="37" hits="1" branch="false"/>
            <line number="38" hits="1" branch="false"/>
            <line number="39" hits="1" branch="false"/>
            <line number="40" hits="1" branch="false"/>
            <line number="41" hits="1" branch="false"/>
          </lines>
        </class>
        <class name="bottom-sheet-initializer.ts" filename="src/initializer/bottom-sheet-initializer.ts" line-rate="0.743" branch-rate="0.41659999999999997">
          <methods>
            <method name="initializeBottomSheetElements" hits="7" signature="()V">
              <lines>
                <line number="39" hits="7"/>
              </lines>
            </method>
            <method name="createElements" hits="7" signature="()V">
              <lines>
                <line number="76" hits="7"/>
              </lines>
            </method>
            <method name="combineElements" hits="7" signature="()V">
              <lines>
                <line number="164" hits="7"/>
              </lines>
            </method>
            <method name="initializeEvents" hits="7" signature="()V">
              <lines>
                <line number="191" hits="7"/>
              </lines>
            </method>
            <method name="handleWindowClick" hits="0" signature="()V">
              <lines>
                <line number="266" hits="0"/>
              </lines>
            </method>
            <method name="handleDragTriggerClickWithDragState" hits="0" signature="()V">
              <lines>
                <line number="272" hits="0"/>
              </lines>
            </method>
            <method name="attachEventListeners" hits="5" signature="()V">
              <lines>
                <line number="280" hits="5"/>
              </lines>
            </method>
            <method name="findLastFocusableElement" hits="0" signature="()V">
              <lines>
                <line number="343" hits="0"/>
              </lines>
            </method>
            <method name="clearEventListeners" hits="0" signature="()V">
              <lines>
                <line number="364" hits="0"/>
              </lines>
            </method>
          </methods>
          <lines>
            <line number="1" hits="1" branch="false"/>
            <line number="2" hits="1" branch="false"/>
            <line number="3" hits="1" branch="false"/>
            <line number="4" hits="1" branch="false"/>
            <line number="5" hits="1" branch="false"/>
            <line number="6" hits="1" branch="false"/>
            <line number="7" hits="1" branch="false"/>
            <line number="8" hits="1" branch="false"/>
            <line number="9" hits="1" branch="false"/>
            <line number="10" hits="1" branch="false"/>
            <line number="11" hits="1" branch="false"/>
            <line number="12" hits="1" branch="false"/>
            <line number="13" hits="1" branch="false"/>
            <line number="14" hits="1" branch="false"/>
            <line number="15" hits="1" branch="false"/>
            <line number="16" hits="1" branch="false"/>
            <line number="17" hits="1" branch="false"/>
            <line number="18" hits="1" branch="false"/>
            <line number="19" hits="1" branch="false"/>
            <line number="20" hits="1" branch="false"/>
            <line number="21" hits="1" branch="false"/>
            <line number="22" hits="1" branch="false"/>
            <line number="23" hits="1" branch="false"/>
            <line number="24" hits="1" branch="false"/>
            <line number="25" hits="1" branch="false"/>
            <line number="26" hits="1" branch="false"/>
            <line number="27" hits="1" branch="false"/>
            <line number="28" hits="1" branch="false"/>
            <line number="29" hits="1" branch="false"/>
            <line number="30" hits="1" branch="false"/>
            <line number="31" hits="1" branch="false"/>
            <line number="32" hits="1" branch="false"/>
            <line number="33" hits="1" branch="false"/>
            <line number="34" hits="1" branch="false"/>
            <line number="35" hits="1" branch="false"/>
            <line number="36" hits="1" branch="false"/>
            <line number="37" hits="1" branch="false"/>
            <line number="38" hits="1" branch="false"/>
            <line number="39" hits="1" branch="true" condition-coverage="100% (1/1)"/>
            <line number="40" hits="7" branch="false"/>
            <line number="41" hits="7" branch="false"/>
            <line number="42" hits="7" branch="false"/>
            <line number="43" hits="7" branch="false"/>
            <line number="44" hits="7" branch="false"/>
            <line number="45" hits="7" branch="false"/>
            <line number="46" hits="7" branch="false"/>
            <line number="47" hits="7" branch="false"/>
            <line number="48" hits="7" branch="false"/>
            <line number="49" hits="7" branch="false"/>
            <line number="50" hits="7" branch="true" condition-coverage="0% (0/1)"/>
            <line number="51" hits="7" branch="false"/>
            <line number="52" hits="7" branch="false"/>
            <line number="53" hits="7" branch="false"/>
            <line number="54" hits="7" branch="false"/>
            <line number="55" hits="7" branch="false"/>
            <line number="56" hits="7" branch="false"/>
            <line number="57" hits="7" branch="false"/>
            <line number="58" hits="7" branch="false"/>
            <line number="59" hits="7" branch="false"/>
            <line number="60" hits="7" branch="false"/>
            <line number="61" hits="7" branch="false"/>
            <line number="62" hits="7" branch="false"/>
            <line number="63" hits="7" branch="false"/>
            <line number="64" hits="7" branch="false"/>
            <line number="65" hits="1" branch="false"/>
            <line number="66" hits="1" branch="false"/>
            <line number="67" hits="1" branch="false"/>
            <line number="68" hits="1" branch="false"/>
            <line number="69" hits="1" branch="false"/>
            <line number="70" hits="1" branch="false"/>
            <line number="71" hits="1" branch="false"/>
            <line number="72" hits="1" branch="false"/>
            <line number="73" hits="1" branch="false"/>
            <line number="74" hits="1" branch="false"/>
            <line number="75" hits="1" branch="false"/>
            <line number="76" hits="7" branch="true" condition-coverage="100% (1/1)"/>
            <line number="77" hits="7" branch="false"/>
            <line number="78" hits="7" branch="false"/>
            <line number="79" hits="7" branch="false"/>
            <line number="80" hits="7" branch="false"/>
            <line number="81" hits="7" branch="false"/>
            <line number="82" hits="7" branch="false"/>
            <line number="83" hits="7" branch="false"/>
            <line number="84" hits="7" branch="false"/>
            <line number="85" hits="7" branch="false"/>
            <line number="86" hits="7" branch="false"/>
            <line number="87" hits="7" branch="false"/>
            <line number="88" hits="7" branch="false"/>
            <line number="89" hits="7" branch="false"/>
            <line number="90" hits="7" branch="false"/>
            <line number="91" hits="7" branch="false"/>
            <line number="92" hits="7" branch="false"/>
            <line number="93" hits="7" branch="false"/>
            <line number="94" hits="7" branch="false"/>
            <line number="95" hits="7" branch="true" condition-coverage="0% (0/1)"/>
            <line number="96" hits="0" branch="false"/>
            <line number="97" hits="0" branch="false"/>
            <line number="98" hits="0" branch="false"/>
            <line number="99" hits="7" branch="false"/>
            <line number="100" hits="7" branch="false"/>
            <line number="101" hits="7" branch="false"/>
            <line number="102" hits="7" branch="false"/>
            <line number="103" hits="7" branch="false"/>
            <line number="104" hits="7" branch="false"/>
            <line number="105" hits="7" branch="false"/>
            <line number="106" hits="7" branch="false"/>
            <line number="107" hits="7" branch="false"/>
            <line number="108" hits="7" branch="false"/>
            <line number="109" hits="7" branch="false"/>
            <line number="110" hits="7" branch="false"/>
            <line number="111" hits="7" branch="true" condition-coverage="0% (0/1)"/>
            <line number="112" hits="7" branch="false"/>
            <line number="113" hits="7" branch="false"/>
            <line number="114" hits="7" branch="false"/>
            <line number="115" hits="7" branch="false"/>
            <line number="116" hits="7" branch="false"/>
            <line number="117" hits="7" branch="false"/>
            <line number="118" hits="7" branch="false"/>
            <line number="119" hits="7" branch="false"/>
            <line number="120" hits="7" branch="false"/>
            <line number="121" hits="7" branch="false"/>
            <line number="122" hits="7" branch="false"/>
            <line number="123" hits="7" branch="true" condition-coverage="0% (0/1)"/>
            <line number="124" hits="7" branch="false"/>
            <line number="125" hits="7" branch="false"/>
            <line number="126" hits="7" branch="false"/>
            <line number="127" hits="7" branch="false"/>
            <line number="128" hits="7" branch="false"/>
            <line number="129" hits="7" branch="false"/>
            <line number="130" hits="7" branch="false"/>
            <line number="131" hits="7" branch="false"/>
            <line number="132" hits="7" branch="false"/>
            <line number="133" hits="7" branch="false"/>
            <line number="134" hits="7" branch="false"/>
            <line number="135" hits="7" branch="false"/>
            <line number="136" hits="7" branch="false"/>
            <line number="137" hits="7" branch="false"/>
            <line number="138" hits="7" branch="false"/>
            <line number="139" hits="7" branch="false"/>
            <line number="140" hits="7" branch="false"/>
            <line number="141" hits="7" branch="false"/>
            <line number="142" hits="7" branch="true" condition-coverage="0% (0/1)"/>
            <line number="143" hits="7" branch="false"/>
            <line number="144" hits="7" branch="false"/>
            <line number="145" hits="7" branch="false"/>
            <line number="146" hits="7" branch="true" condition-coverage="0% (0/1)"/>
            <line number="147" hits="0" branch="false"/>
            <line number="148" hits="0" branch="false"/>
            <line number="149" hits="7" branch="true" condition-coverage="0% (0/1)"/>
            <line number="150" hits="0" branch="false"/>
            <line number="151" hits="0" branch="false"/>
            <line number="152" hits="7" branch="false"/>
            <line number="153" hits="7" branch="false"/>
            <line number="154" hits="7" branch="false"/>
            <line number="155" hits="7" branch="false"/>
            <line number="156" hits="7" branch="false"/>
            <line number="157" hits="7" branch="false"/>
            <line number="158" hits="7" branch="false"/>
            <line number="159" hits="7" branch="false"/>
            <line number="160" hits="7" branch="false"/>
            <line number="161" hits="7" branch="false"/>
            <line number="162" hits="7" branch="false"/>
            <line number="163" hits="1" branch="false"/>
            <line number="164" hits="7" branch="true" condition-coverage="100% (1/1)"/>
            <line number="165" hits="7" branch="false"/>
            <line number="166" hits="7" branch="false"/>
            <line number="167" hits="7" branch="false"/>
            <line number="168" hits="7" branch="false"/>
            <line number="169" hits="7" branch="false"/>
            <line number="170" hits="7" branch="false"/>
            <line number="171" hits="7" branch="false"/>
            <line number="172" hits="7" branch="false"/>
            <line number="173" hits="7" branch="false"/>
            <line number="174" hits="7" branch="false"/>
            <line number="175" hits="7" branch="false"/>
            <line number="176" hits="7" branch="false"/>
            <line number="177" hits="7" branch="false"/>
            <line number="178" hits="7" branch="false"/>
            <line number="179" hits="7" branch="false"/>
            <line number="180" hits="1" branch="false"/>
            <line number="181" hits="1" branch="false"/>
            <line number="182" hits="1" branch="false"/>
            <line number="183" hits="1" branch="false"/>
            <line number="184" hits="1" branch="false"/>
            <line number="185" hits="1" branch="false"/>
            <line number="186" hits="1" branch="false"/>
            <line number="187" hits="1" branch="false"/>
            <line number="188" hits="1" branch="false"/>
            <line number="189" hits="1" branch="false"/>
            <line number="190" hits="1" branch="false"/>
            <line number="191" hits="7" branch="true" condition-coverage="100% (1/1)"/>
            <line number="192" hits="7" branch="false"/>
            <line number="193" hits="7" branch="false"/>
            <line number="194" hits="7" branch="false"/>
            <line number="195" hits="7" branch="false"/>
            <line number="196" hits="7" branch="false"/>
            <line number="197" hits="7" branch="false"/>
            <line number="198" hits="7" branch="false"/>
            <line number="199" hits="7" branch="false"/>
            <line number="200" hits="7" branch="false"/>
            <line number="201" hits="7" branch="false"/>
            <line number="202" hits="7" branch="false"/>
            <line number="203" hits="7" branch="false"/>
            <line number="204" hits="7" branch="false"/>
            <line number="205" hits="7" branch="false"/>
            <line number="206" hits="7" branch="false"/>
            <line number="207" hits="7" branch="false"/>
            <line number="208" hits="7" branch="false"/>
            <line number="209" hits="7" branch="false"/>
            <line number="210" hits="7" branch="false"/>
            <line number="211" hits="7" branch="false"/>
            <line number="212" hits="7" branch="false"/>
            <line number="213" hits="7" branch="false"/>
            <line number="214" hits="7" branch="false"/>
            <line number="215" hits="0" branch="false"/>
            <line number="216" hits="0" branch="false"/>
            <line number="217" hits="0" branch="false"/>
            <line number="218" hits="0" branch="false"/>
            <line number="219" hits="0" branch="false"/>
            <line number="220" hits="0" branch="false"/>
            <line number="221" hits="0" branch="false"/>
            <line number="222" hits="0" branch="false"/>
            <line number="223" hits="0" branch="false"/>
            <line number="224" hits="0" branch="false"/>
            <line number="225" hits="0" branch="false"/>
            <line number="226" hits="0" branch="false"/>
            <line number="227" hits="0" branch="false"/>
            <line number="228" hits="0" branch="false"/>
            <line number="229" hits="0" branch="false"/>
            <line number="230" hits="0" branch="false"/>
            <line number="231" hits="0" branch="false"/>
            <line number="232" hits="0" branch="false"/>
            <line number="233" hits="0" branch="false"/>
            <line number="234" hits="7" branch="false"/>
            <line number="235" hits="7" branch="false"/>
            <line number="236" hits="7" branch="false"/>
            <line number="237" hits="7" branch="false"/>
            <line number="238" hits="7" branch="false"/>
            <line number="239" hits="7" branch="false"/>
            <line number="240" hits="7" branch="false"/>
            <line number="241" hits="7" branch="false"/>
[...]
            <line number="29" hits="1" branch="false"/>
            <line number="30" hits="1" branch="true" condition-coverage="100% (1/1)"/>
            <line number="31" hits="28" branch="false"/>
            <line number="32" hits="28" branch="false"/>
            <line number="33" hits="28" branch="true" condition-coverage="100% (1/1)"/>
            <line number="34" hits="28" branch="false"/>
            <line number="35" hits="28" branch="false"/>
            <line number="36" hits="28" branch="false"/>
            <line number="37" hits="28" branch="true" condition-coverage="100% (1/1)"/>
            <line number="38" hits="20" branch="false"/>
            <line number="39" hits="20" branch="false"/>
            <line number="40" hits="20" branch="false"/>
            <line number="41" hits="20" branch="false"/>
            <line number="42" hits="20" branch="false"/>
            <line number="43" hits="20" branch="false"/>
            <line number="44" hits="20" branch="false"/>
            <line number="45" hits="20" branch="false"/>
            <line number="46" hits="20" branch="false"/>
            <line number="47" hits="28" branch="false"/>
            <line number="48" hits="28" branch="true" condition-coverage="100% (1/1)"/>
            <line number="49" hits="20" branch="false"/>
            <line number="50" hits="20" branch="false"/>
            <line number="51" hits="20" branch="false"/>
            <line number="52" hits="20" branch="false"/>
            <line number="53" hits="20" branch="false"/>
            <line number="54" hits="20" branch="false"/>
            <line number="55" hits="20" branch="false"/>
            <line number="56" hits="20" branch="false"/>
            <line number="57" hits="20" branch="false"/>
            <line number="58" hits="0" branch="false"/>
            <line number="59" hits="0" branch="false"/>
            <line number="60" hits="0" branch="false"/>
            <line number="61" hits="0" branch="false"/>
            <line number="62" hits="0" branch="false"/>
            <line number="63" hits="0" branch="false"/>
            <line number="64" hits="0" branch="false"/>
            <line number="65" hits="0" branch="false"/>
            <line number="66" hits="0" branch="false"/>
            <line number="67" hits="0" branch="false"/>
            <line number="68" hits="0" branch="false"/>
            <line number="69" hits="20" branch="false"/>
            <line number="70" hits="20" branch="false"/>
            <line number="71" hits="20" branch="false"/>
            <line number="72" hits="20" branch="false"/>
            <line number="73" hits="20" branch="false"/>
            <line number="74" hits="20" branch="false"/>
            <line number="75" hits="20" branch="true" condition-coverage="100% (1/1)"/>
            <line number="76" hits="5" branch="false"/>
            <line number="77" hits="5" branch="false"/>
            <line number="78" hits="20" branch="false"/>
            <line number="79" hits="20" branch="true" condition-coverage="100% (1/1)"/>
            <line number="80" hits="5" branch="false"/>
            <line number="81" hits="5" branch="false"/>
            <line number="82" hits="20" branch="false"/>
            <line number="83" hits="28" branch="false"/>
            <line number="84" hits="28" branch="true" condition-coverage="100% (1/1)"/>
            <line number="85" hits="20" branch="false"/>
            <line number="86" hits="20" branch="false"/>
            <line number="87" hits="20" branch="false"/>
            <line number="88" hits="20" branch="false"/>
            <line number="89" hits="20" branch="false"/>
            <line number="90" hits="20" branch="false"/>
            <line number="91" hits="20" branch="false"/>
            <line number="92" hits="20" branch="false"/>
            <line number="93" hits="20" branch="false"/>
            <line number="94" hits="0" branch="false"/>
            <line number="95" hits="0" branch="false"/>
            <line number="96" hits="0" branch="false"/>
            <line number="97" hits="0" branch="false"/>
            <line number="98" hits="0" branch="false"/>
            <line number="99" hits="0" branch="false"/>
            <line number="100" hits="0" branch="false"/>
            <line number="101" hits="0" branch="false"/>
            <line number="102" hits="0" branch="false"/>
            <line number="103" hits="0" branch="false"/>
            <line number="104" hits="0" branch="false"/>
            <line number="105" hits="20" branch="false"/>
            <line number="106" hits="20" branch="false"/>
            <line number="107" hits="20" branch="false"/>
            <line number="108" hits="20" branch="false"/>
            <line number="109" hits="20" branch="false"/>
            <line number="110" hits="20" branch="false"/>
            <line number="111" hits="20" branch="true" condition-coverage="100% (1/1)"/>
            <line number="112" hits="5" branch="false"/>
            <line number="113" hits="5" branch="false"/>
            <line number="114" hits="20" branch="false"/>
            <line number="115" hits="20" branch="true" condition-coverage="100% (1/1)"/>
            <line number="116" hits="5" branch="false"/>
            <line number="117" hits="0" branch="false"/>
            <line number="118" hits="5" branch="false"/>
            <line number="119" hits="5" branch="false"/>
            <line number="120" hits="20" branch="false"/>
            <line number="121" hits="28" branch="false"/>
            <line number="122" hits="28" branch="false"/>
            <line number="123" hits="0" branch="false"/>
            <line number="124" hits="0" branch="false"/>
            <line number="125" hits="0" branch="false"/>
            <line number="126" hits="0" branch="false"/>
            <line number="127" hits="0" branch="false"/>
            <line number="128" hits="0" branch="false"/>
            <line number="129" hits="0" branch="false"/>
            <line number="130" hits="0" branch="false"/>
            <line number="131" hits="0" branch="false"/>
            <line number="132" hits="0" branch="false"/>
            <line number="133" hits="0" branch="false"/>
            <line number="134" hits="0" branch="false"/>
            <line number="135" hits="0" branch="false"/>
            <line number="136" hits="0" branch="false"/>
            <line number="137" hits="0" branch="false"/>
            <line number="138" hits="0" branch="false"/>
            <line number="139" hits="28" branch="false"/>
            <line number="140" hits="28" branch="false"/>
            <line number="141" hits="0" branch="false"/>
            <line number="142" hits="0" branch="false"/>
            <line number="143" hits="0" branch="false"/>
            <line number="144" hits="0" branch="false"/>
            <line number="145" hits="0" branch="false"/>
            <line number="146" hits="0" branch="false"/>
            <line number="147" hits="0" branch="false"/>
            <line number="148" hits="0" branch="false"/>
            <line number="149" hits="0" branch="false"/>
            <line number="150" hits="0" branch="false"/>
            <line number="151" hits="0" branch="false"/>
            <line number="152" hits="0" branch="false"/>
            <line number="153" hits="0" branch="false"/>
            <line number="154" hits="0" branch="false"/>
            <line number="155" hits="0" branch="false"/>
            <line number="156" hits="0" branch="false"/>
            <line number="157" hits="0" branch="false"/>
            <line number="158" hits="0" branch="false"/>
            <line number="159" hits="0" branch="false"/>
            <line number="160" hits="0" branch="false"/>
            <line number="161" hits="0" branch="false"/>
            <line number="162" hits="0" branch="false"/>
            <line number="163" hits="0" branch="false"/>
            <line number="164" hits="0" branch="false"/>
            <line number="165" hits="0" branch="false"/>
            <line number="166" hits="0" branch="false"/>
            <line number="167" hits="0" branch="false"/>
            <line number="168" hits="0" branch="false"/>
            <line number="169" hits="0" branch="false"/>
            <line number="170" hits="0" branch="false"/>
            <line number="171" hits="0" branch="false"/>
            <line number="172" hits="0" branch="false"/>
            <line number="173" hits="0" branch="false"/>
            <line number="174" hits="0" branch="false"/>
            <line number="175" hits="0" branch="false"/>
            <line number="176" hits="0" branch="false"/>
            <line number="177" hits="0" branch="false"/>
            <line number="178" hits="0" branch="false"/>
            <line number="179" hits="28" branch="false"/>
          </lines>
        </class>
        <class name="index.ts" filename="src/utils/event-listeners/index.ts" line-rate="1" branch-rate="1">
          <methods>
          </methods>
          <lines>
            <line number="1" hits="1" branch="false"/>
          </lines>
        </class>
      </classes>
    </package>
    <package name="src.utils.log" line-rate="0.625" branch-rate="1">
      <classes>
        <class name="log.ts" filename="src/utils/log/log.ts" line-rate="0.625" branch-rate="1">
          <methods>
            <method name="log" hits="0" signature="()V">
              <lines>
                <line number="8" hits="0"/>
              </lines>
            </method>
            <method name="logError" hits="0" signature="()V">
              <lines>
                <line number="12" hits="0"/>
              </lines>
            </method>
          </methods>
          <lines>
            <line number="1" hits="1" branch="false"/>
            <line number="2" hits="1" branch="false"/>
            <line number="3" hits="1" branch="false"/>
            <line number="4" hits="1" branch="false"/>
            <line number="5" hits="1" branch="false"/>
            <line number="6" hits="1" branch="false"/>
            <line number="7" hits="1" branch="false"/>
            <line number="8" hits="1" branch="false"/>
            <line number="9" hits="0" branch="false"/>
            <line number="10" hits="0" branch="false"/>
            <line number="11" hits="1" branch="false"/>
            <line number="12" hits="1" branch="false"/>
            <line number="13" hits="0" branch="false"/>
            <line number="14" hits="0" branch="false"/>
            <line number="15" hits="0" branch="false"/>
            <line number="16" hits="0" branch="false"/>
          </lines>
        </class>
      </classes>
    </package>
    <package name="src.utils.math" line-rate="0.4193" branch-rate="1">
      <classes>
        <class name="min-max.ts" filename="src/utils/math/min-max.ts" line-rate="0.14279999999999998" branch-rate="1">
          <methods>
            <method name="boundNumber" hits="0" signature="()V">
              <lines>
                <line number="3" hits="0"/>
              </lines>
            </method>
          </methods>
          <lines>
            <line number="1" hits="1" branch="false"/>
            <line number="2" hits="1" branch="false"/>
            <line number="3" hits="1" branch="false"/>
            <line number="4" hits="0" branch="false"/>
            <line number="5" hits="0" branch="false"/>
            <line number="6" hits="0" branch="false"/>
            <line number="7" hits="0" branch="false"/>
            <line number="8" hits="0" branch="false"/>
            <line number="9" hits="0" branch="false"/>
            <line number="10" hits="0" branch="false"/>
            <line number="11" hits="0" branch="false"/>
            <line number="12" hits="0" branch="false"/>
            <line number="13" hits="0" branch="false"/>
            <line number="14" hits="0" branch="false"/>
            <line number="15" hits="0" branch="false"/>
            <line number="16" hits="0" branch="false"/>
            <line number="17" hits="0" branch="false"/>
            <line number="18" hits="0" branch="false"/>
            <line number="19" hits="0" branch="false"/>
            <line number="20" hits="0" branch="false"/>
            <line number="21" hits="0" branch="false"/>
          </lines>
        </class>
        <class name="unit.ts" filename="src/utils/math/unit.ts" line-rate="1" branch-rate="1">
          <methods>
            <method name="pxToNumber" hits="66" signature="()V">
              <lines>
                <line number="1" hits="66"/>
              </lines>
            </method>
            <method name="toFixedNumber" hits="24" signature="()V">
              <lines>
                <line number="5" hits="24"/>
              </lines>
            </method>
          </methods>
          <lines>
            <line number="1" hits="1" branch="true" condition-coverage="100% (1/1)"/>
            <line number="2" hits="66" branch="false"/>
            <line number="3" hits="66" branch="false"/>
            <line number="4" hits="1" branch="false"/>
            <line number="5" hits="1" branch="true" condition-coverage="100% (1/1)"/>
            <line number="6" hits="24" branch="false"/>
            <line number="7" hits="24" branch="false"/>
            <line number="8" hits="24" branch="false"/>
            <line number="9" hits="24" branch="false"/>
            <line number="10" hits="24" branch="false"/>
          </lines>
        </class>
      </classes>
    </package>
    <package name="src.utils.proxy" line-rate="1" branch-rate="1">
      <classes>
        <class name="observe.ts" filename="src/utils/proxy/observe.ts" line-rate="1" branch-rate="1">
          <methods>
            <method name="observe" hits="7" signature="()V">
              <lines>
                <line number="6" hits="7"/>
              </lines>
            </method>
            <method name="set" hits="7" signature="()V">
              <lines>
                <line number="11" hits="7"/>
              </lines>
            </method>
          </methods>
          <lines>
            <line number="1" hits="1" branch="false"/>
            <line number="2" hits="1" branch="false"/>
            <line number="3" hits="1" branch="false"/>
            <line number="4" hits="1" branch="false"/>
            <line number="5" hits="1" branch="false"/>
            <line number="6" hits="1" branch="true" condition-coverage="100% (1/1)"/>
            <line number="7" hits="7" branch="false"/>
            <line number="8" hits="7" branch="false"/>
            <line number="9" hits="7" branch="false"/>
            <line number="10" hits="7" branch="false"/>
            <line number="11" hits="7" branch="true" condition-coverage="100% (1/1)"/>
            <line number="12" hits="7" branch="false"/>
            <line number="13" hits="7" branch="false"/>
            <line number="14" hits="7" branch="false"/>
            <line number="15" hits="7" branch="false"/>
            <line number="16" hits="7" branch="false"/>
            <line number="17" hits="7" branch="false"/>
            <line number="18" hits="7" branch="false"/>
          </lines>
        </class>
      </classes>
    </package>
    <package name="src.utils.types" line-rate="0.5" branch-rate="1">
      <classes>
        <class name="exists.ts" filename="src/utils/types/exists.ts" line-rate="1" branch-rate="1">
          <methods>
            <method name="exists" hits="8" signature="()V">
              <lines>
                <line number="1" hits="8"/>
              </lines>
            </method>
          </methods>
          <lines>
            <line number="1" hits="1" branch="true" condition-coverage="100% (1/1)"/>
            <line number="2" hits="8" branch="false"/>
            <line number="3" hits="8" branch="false"/>
            <line number="4" hits="8" branch="false"/>
            <line number="5" hits="8" branch="false"/>
          </lines>
        </class>
        <class name="is-boolean.ts" filename="src/utils/types/is-boolean.ts" line-rate="0.3333" branch-rate="1">
          <methods>
            <method name="isBoolean" hits="0" signature="()V">
              <lines>
                <line number="1" hits="0"/>
              </lines>
            </method>
          </methods>
          <lines>
            <line number="1" hits="1" branch="false"/>
            <line number="2" hits="0" branch="false"/>
            <line number="3" hits="0" branch="false"/>
          </lines>
        </class>
        <class name="is-element.ts" filename="src/utils/types/is-element.ts" line-rate="0.4285" branch-rate="1">
          <methods>
            <method name="isElement" hits="0" signature="()V">
              <lines>
                <line number="1" hits="0"/>
              </lines>
            </method>
            <method name="isHTMLElement" hits="0" signature="()V">
              <lines>
                <line number="5" hits="0"/>
              </lines>
            </method>
          </methods>
          <lines>
            <line number="1" hits="1" branch="false"/>
            <line number="2" hits="0" branch="false"/>
            <line number="3" hits="0" branch="false"/>
            <line number="4" hits="1" branch="false"/>
            <line number="5" hits="1" branch="false"/>
            <line number="6" hits="0" branch="false"/>
            <line number="7" hits="0" branch="false"/>
          </lines>
        </class>
        <class name="is-number.ts" filename="src/utils/types/is-number.ts" line-rate="1" branch-rate="1">
          <methods>
            <method name="isNumber" hits="5" signature="()V">
              <lines>
                <line number="1" hits="5"/>
              </lines>
            </method>
          </methods>
          <lines>
            <line number="1" hits="1" branch="true" condition-coverage="100% (1/1)"/>
            <line number="2" hits="5" branch="true" condition-coverage="100% (1/1)"/>
            <line number="3" hits="5" branch="false"/>
          </lines>
        </class>
        <class name="is-percent.ts" filename="src/utils/types/is-percent.ts" line-rate="0.2" branch-rate="1">
          <methods>
            <method name="isPercent" hits="0" signature="()V">
              <lines>
                <line number="3" hits="0"/>
              </lines>
            </method>
          </methods>
          <lines>
            <line number="1" hits="1" branch="false"/>
            <line number="2" hits="1" branch="false"/>
            <line number="3" hits="1" branch="false"/>
            <line number="4" hits="0" branch="false"/>
            <line number="5" hits="0" branch="false"/>
            <line number="6" hits="0" branch="false"/>
            <line number="7" hits="0" branch="false"/>
            <line number="8" hits="0" branch="false"/>
            <line number="9" hits="0" branch="false"/>
            <line number="10" hits="0" branch="false"/>
            <line number="11" hits="0" branch="false"/>
            <line number="12" hits="0" branch="false"/>
            <line number="13" hits="0" branch="false"/>
            <line number="14" hits="0" branch="false"/>
            <line number="15" hits="0" branch="false"/>
          </lines>
        </class>
        <class name="is-string.ts" filename="src/utils/types/is-string.ts" line-rate="1" branch-rate="1">
          <methods>
            <method name="isString" hits="252" signature="()V">
              <lines>
                <line number="1" hits="252"/>
              </lines>
            </method>
          </methods>
          <lines>
            <line number="1" hits="1" branch="true" condition-coverage="100% (1/1)"/>
            <line number="2" hits="252" branch="false"/>
            <line number="3" hits="252" branch="false"/>
          </lines>
        </class>
      </classes>
    </package>
  </packages>
</coverage>
